TN:
SF:/home/chris/Documents/projects/coverista/container.js
FNF:0
FNH:0
DA:3,1
DA:5,1
DA:15,1
LF:3
LH:3
BRF:0
BRH:0
end_of_record
TN:
SF:/home/chris/Documents/projects/coverista/dependencies/defaults/defaultConfig.js
FN:1,defaultConfig
FN:4,getDefaultConfig
FNF:2
FNH:2
FNDA:6,defaultConfig
FNDA:2,getDefaultConfig
DA:5,2
DA:10,6
DA:15,1
LF:3
LH:3
BRF:0
BRH:0
end_of_record
TN:
SF:/home/chris/Documents/projects/coverista/dependencies/fileLoaders/configLoader.js
FN:1,configLoader
FN:9,buildFilePath
FN:15,getConfigPath
FN:23,loadConfigFile
FNF:4
FNH:4
FNDA:5,configLoader
FNDA:11,buildFilePath
FNDA:3,getConfigPath
FNDA:2,loadConfigFile
DA:10,11
DA:13,5
DA:16,3
DA:18,3
DA:20,3
DA:24,2
DA:29,5
DA:35,1
LF:8
LH:8
BRDA:24,0,0,1
BRDA:24,0,1,1
BRF:2
BRH:2
end_of_record
TN:
SF:/home/chris/Documents/projects/coverista/dependencies/fileLoaders/lcovLoader.js
FN:1,lcovLoader
FN:9,buildFilePathWithCoveragePath
FN:10,(anonymous_2)
FN:15,getLcovPath
FN:24,getLcovPaths
FN:28,loadLcovFile
FN:36,loadLcovFiles
FN:39,loadAllFiles
FN:40,storeFileContentAndLoadNext
FNF:9
FNH:8
FNDA:8,lcovLoader
FNDA:3,buildFilePathWithCoveragePath
FNDA:11,(anonymous_2)
FNDA:3,getLcovPath
FNDA:0,getLcovPaths
FNDA:7,loadLcovFile
FNDA:3,loadLcovFiles
FNDA:7,loadAllFiles
FNDA:5,storeFileContentAndLoadNext
DA:10,3
DA:11,11
DA:16,3
DA:18,3
DA:19,3
DA:21,3
DA:25,0
DA:29,7
DA:30,2
DA:32,5
DA:37,3
DA:41,5
DA:42,1
DA:44,4
DA:46,4
DA:50,7
DA:51,2
DA:53,5
DA:57,3
DA:60,8
DA:68,1
LF:21
LH:20
BRDA:29,0,0,2
BRDA:29,0,1,5
BRDA:41,1,0,1
BRDA:41,1,1,4
BRDA:50,2,0,2
BRDA:50,2,1,5
BRF:6
BRH:6
end_of_record
TN:
SF:/home/chris/Documents/projects/coverista/dependencies/filesystem/fileFinderFactory.js
FN:1,fileFinderFactory
FN:7,(anonymous_1)
FN:8,getParentPath
FN:12,findInNextPath
FN:19,findNearestMatchingFile
FNF:5
FNH:5
FNDA:13,fileFinderFactory
FNDA:8,(anonymous_1)
FNDA:18,getParentPath
FNDA:18,findInNextPath
FNDA:22,findNearestMatchingFile
DA:7,13
DA:9,18
DA:13,18
DA:14,18
DA:16,18
DA:20,22
DA:21,22
DA:23,22
DA:26,8
DA:32,1
LF:10
LH:10
BRDA:16,0,0,16
BRDA:16,0,1,2
BRDA:23,1,0,4
BRDA:23,1,1,18
BRF:4
BRH:4
end_of_record
TN:
SF:/home/chris/Documents/projects/coverista/dependencies/filesystem/fileLoader.js
FN:1,fileLoader
FN:7,loadJsonFile
FN:17,loadLcovFile
FNF:3
FNH:3
FNDA:13,fileLoader
FNDA:1,loadJsonFile
FNDA:5,loadLcovFile
DA:8,1
DA:10,1
DA:11,1
DA:13,0
DA:18,5
DA:21,13
DA:27,1
LF:7
LH:6
BRF:0
BRH:0
end_of_record
TN:
SF:/home/chris/Documents/projects/coverista/dependencies/filesystem/pathHelper.js
FN:1,pathHelper
FN:9,tokenizePath
FN:13,stripLastToken
FN:17,unixSafePathJoin
FN:21,(anonymous_4)
FNF:5
FNH:5
FNDA:23,pathHelper
FNDA:19,tokenizePath
FNDA:19,stripLastToken
FNDA:30,unixSafePathJoin
FNDA:19,(anonymous_4)
DA:7,23
DA:10,19
DA:14,19
DA:18,30
DA:21,23
DA:22,19
DA:29,23
DA:37,1
LF:8
LH:8
BRF:0
BRH:0
end_of_record
TN:
SF:/home/chris/Documents/projects/coverista/dependencies/utilities/functionUtils.js
FN:1,functionUtils
FN:4,(anonymous_1)
FN:5,(anonymous_2)
FN:9,(anonymous_3)
FN:9,(anonymous_4)
FN:12,(anonymous_5)
FN:13,(anonymous_6)
FN:15,chooseCompositionMethod
FN:25,(anonymous_8)
FN:27,(anonymous_9)
FN:33,(anonymous_10)
FN:34,(anonymous_11)
FN:37,foldCompose
FNF:13
FNH:11
FNDA:25,functionUtils
FNDA:82,(anonymous_1)
FNDA:82,(anonymous_2)
FNDA:25,(anonymous_3)
FNDA:0,(anonymous_4)
FNDA:0,(anonymous_5)
FNDA:19,(anonymous_6)
FNDA:19,chooseCompositionMethod
FNDA:19,(anonymous_8)
FNDA:19,(anonymous_9)
FNDA:19,(anonymous_10)
FNDA:19,(anonymous_11)
FNDA:19,foldCompose
DA:4,25
DA:5,82
DA:6,82
DA:9,25
DA:11,25
DA:12,25
DA:13,25
DA:16,19
DA:17,0
DA:18,19
DA:19,0
DA:21,19
DA:25,25
DA:27,25
DA:28,19
DA:33,25
DA:34,19
DA:35,19
DA:38,19
DA:44,25
DA:50,1
LF:21
LH:19
BRDA:16,0,0,0
BRDA:16,0,1,19
BRDA:18,1,0,0
BRDA:18,1,1,19
BRF:4
BRH:2
end_of_record
TN:
SF:/home/chris/Documents/projects/coverista/dependencies/vscodeUtils/activeEditorHelper.js
FN:1,activeEditorHelper
FN:8,getPathIfEditorExists
FN:14,getActiveTextEditor
FN:18,getFilePathOrNull
FN:25,getFilePathAction
FN:28,(anonymous_5)
FN:31,applyFilePathTransformation
FN:32,(anonymous_7)
FN:36,getFolderPath
FN:43,getActiveTextEditorFolderPath
FNF:10
FNH:10
FNDA:2,activeEditorHelper
FNDA:2,getPathIfEditorExists
FNDA:2,getActiveTextEditor
FNDA:2,getFilePathOrNull
FNDA:2,getFilePathAction
FNDA:1,(anonymous_5)
FNDA:2,applyFilePathTransformation
FNDA:2,(anonymous_7)
FNDA:2,getFolderPath
FNDA:2,getActiveTextEditorFolderPath
DA:9,2
DA:15,2
DA:19,2
DA:26,2
DA:28,1
DA:32,2
DA:33,2
DA:37,2
DA:44,2
DA:51,2
DA:57,1
LF:11
LH:11
BRDA:9,0,0,1
BRDA:9,0,1,1
BRDA:26,1,0,1
BRDA:26,1,1,1
BRF:4
BRH:4
end_of_record
TN:
SF:/home/chris/Documents/projects/coverista/dependencies/vscodeUtils/notifier.js
FN:1,notifier
FN:4,info
FNF:2
FNH:2
FNDA:1,notifier
FNDA:1,info
DA:5,1
DA:8,1
DA:13,1
LF:3
LH:3
BRF:0
BRH:0
end_of_record
TN:
SF:/home/chris/Documents/projects/coverista/dependencies/wrappedModules/lcovParse.js
FN:1,lcovParse
FNF:1
FNH:1
FNDA:5,lcovParse
DA:4,5
DA:7,1
LF:2
LH:2
BRF:0
BRH:0
end_of_record
